<?xml version="1.0" encoding="UTF-8"?>
<!-- Generated by org.testng.reporters.JUnitXMLReporter -->
<testsuite hostname="Welcome-PC" name="Test-Sample" tests="2" failures="0" timestamp="7 Oct 2017 13:25:39 GMT" time="0.049" errors="0">
  <testcase name="TCName" time="0.007" classname="TestNgClasses.Test1"/>
  <testcase name="TCaseNoTwo" time="0.001" classname="TestNgClasses.Test2"/>
</testsuite> <!-- Test-Sample -->
