<?xml version="1.0" encoding="UTF-8"?>
<!-- Generated by org.testng.reporters.JUnitXMLReporter -->
<testsuite hostname="Welcome-PC" name="Test-Sample" tests="3" failures="0" timestamp="7 Oct 2017 13:31:56 GMT" time="0.029" errors="0">
  <testcase name="TCNo1" time="0.01" classname="TestNgClasses.Test1"/>
  <testcase name="TCNo2" time="0.001" classname="TestNgClasses.Test1"/>
  <testcase name="TCaseNoTwo" time="0.001" classname="TestNgClasses.Test2"/>
</testsuite> <!-- Test-Sample -->
