<?xml version="1.0" encoding="UTF-8"?>
<!-- Generated by org.testng.reporters.JUnitReportReporter -->
<testsuite hostname="Welcome-PC" name="Sunit2106.DemoMavenSelenium.NewTest" tests="1" failures="0" timestamp="17 Sep 2017 12:23:35 GMT" time="0.052" errors="0">
  <testcase name="f" time="0.052" classname="Sunit2106.DemoMavenSelenium.NewTest"/>
</testsuite> <!-- Sunit2106.DemoMavenSelenium.NewTest -->
