<?xml version="1.0" encoding="UTF-8"?>
<!-- Generated by org.testng.reporters.JUnitReportReporter -->
<testsuite hostname="Welcome-PC" name="TestNgClasses.Test1" tests="2" failures="0" timestamp="7 Oct 2017 13:31:56 GMT" time="0.011" errors="0">
  <testcase name="TCNo2" time="0.001" classname="TestNgClasses.Test1"/>
  <testcase name="TCNo1" time="0.010" classname="TestNgClasses.Test1"/>
</testsuite> <!-- TestNgClasses.Test1 -->
