<?xml version="1.0" encoding="UTF-8"?>
<!-- Generated by org.testng.reporters.JUnitReportReporter -->
<testsuite hostname="Welcome-PC" name="TestNgClasses.Test2" tests="1" failures="0" timestamp="7 Oct 2017 13:31:56 GMT" time="0.001" errors="0">
  <testcase name="TCaseNoTwo" time="0.001" classname="TestNgClasses.Test2"/>
</testsuite> <!-- TestNgClasses.Test2 -->
