<?xml version="1.0" encoding="UTF-8"?>
<!-- Generated by org.testng.reporters.JUnitReportReporter -->
<testsuite hostname="Welcome-PC" name="Sunit2106.DemoMavenSelenium.LoginTC" tests="1" failures="0" timestamp="17 Sep 2017 14:20:30 GMT" time="32.336" errors="0">
  <testcase name="f" time="32.336" classname="Sunit2106.DemoMavenSelenium.LoginTC"/>
</testsuite> <!-- Sunit2106.DemoMavenSelenium.LoginTC -->
