<?xml version="1.0" encoding="UTF-8"?>
<!-- Generated by org.testng.reporters.JUnitReportReporter -->
<testsuite hostname="Welcome-PC" name="Sunit2106.DemoMavenSelenium.LoginTC" tests="1" failures="0" timestamp="18 Sep 2017 02:42:21 GMT" time="41.927" errors="0">
  <testcase name="f" time="41.927" classname="Sunit2106.DemoMavenSelenium.LoginTC"/>
</testsuite> <!-- Sunit2106.DemoMavenSelenium.LoginTC -->
